<?xml version="1.0" encoding="UTF-8"?>
<!-- Generated by org.testng.reporters.JUnitReportReporter -->
<testsuite hostname="DESKTOP-NFUTGEN" failures="0" tests="3" name="frameworkpart.test.EndtoEndtest" time="35.504" errors="0" timestamp="2024-09-01T19:26:41 IST" skipped="0">
  <testcase classname="frameworkpart.test.EndtoEndtest" name="enedtoendtest" time="12.199"/>
  <testcase classname="frameworkpart.test.EndtoEndtest" name="verifyorderdisplay" time="7.994"/>
  <testcase classname="frameworkpart.test.EndtoEndtest" name="enedtoendtest" time="15.311"/>
</testsuite> <!-- frameworkpart.test.EndtoEndtest -->
