<?xml version="1.0" encoding="UTF-8"?>
<!-- Generated by org.testng.reporters.JUnitReportReporter -->
<testsuite hostname="DESKTOP-NFUTGEN" failures="0" tests="3" name="frameworkpart.test.EndtoEndtest" time="23.108" errors="0" timestamp="2024-09-01T19:03:23 IST" skipped="0">
  <testcase classname="frameworkpart.test.EndtoEndtest" name="verifyorderdisplay" time="5.256"/>
  <testcase classname="frameworkpart.test.EndtoEndtest" name="enedtoendtest" time="8.570"/>
  <testcase classname="frameworkpart.test.EndtoEndtest" name="enedtoendtest" time="9.282"/>
</testsuite> <!-- frameworkpart.test.EndtoEndtest -->
