<?xml version="1.0" encoding="UTF-8"?>
<!-- Generated by org.testng.reporters.JUnitReportReporter -->
<testsuite hostname="DESKTOP-NFUTGEN" failures="0" tests="1" name="testa.One" time="4.460" errors="0" timestamp="2024-08-29T17:00:54 IST" skipped="0">
  <testcase classname="testa.One" name="opening" time="4.460"/>
</testsuite> <!-- testa.One -->
