<?xml version="1.0" encoding="UTF-8"?>
<!-- Generated by org.testng.reporters.JUnitReportReporter -->
<testsuite hostname="DESKTOP-NFUTGEN" failures="0" tests="3" name="Cucumber.Testngtestrunner" time="19.771" errors="0" timestamp="2024-08-17T16:27:05 IST" skipped="0">
  <testcase classname="Cucumber.Testngtestrunner" name="runScenario" time="5.609"/>
  <testcase classname="Cucumber.Testngtestrunner" name="runScenario" time="4.344"/>
  <testcase classname="Cucumber.Testngtestrunner" name="runScenario" time="9.818"/>
</testsuite> <!-- Cucumber.Testngtestrunner -->
