<?xml version="1.0" encoding="UTF-8"?>
<!-- Generated by org.testng.reporters.JUnitReportReporter -->
<testsuite hostname="DESKTOP-NFUTGEN" failures="0" tests="2" name="frameworkpart.test.EndtoEndtestwirthhashmap" time="16.539" errors="0" timestamp="2024-03-30T22:36:14 IST" skipped="0">
  <testcase classname="frameworkpart.test.EndtoEndtestwirthhashmap" name="enedtoendtest" time="9.577"/>
  <testcase classname="frameworkpart.test.EndtoEndtestwirthhashmap" name="enedtoendtest" time="6.962"/>
</testsuite> <!-- frameworkpart.test.EndtoEndtestwirthhashmap -->
