<?xml version="1.0" encoding="UTF-8"?>
<!-- Generated by org.testng.reporters.JUnitReportReporter -->
<testsuite hostname="DESKTOP-NFUTGEN" failures="0" tests="3" name="frameworkpart.test.EndtoEndtest" time="21.733" errors="0" timestamp="2024-08-31T11:24:17 IST" skipped="0">
  <testcase classname="frameworkpart.test.EndtoEndtest" name="verifyorderdisplay" time="4.937"/>
  <testcase classname="frameworkpart.test.EndtoEndtest" name="enedtoendtest" time="7.489"/>
  <testcase classname="frameworkpart.test.EndtoEndtest" name="enedtoendtest" time="9.307"/>
</testsuite> <!-- frameworkpart.test.EndtoEndtest -->
