<?xml version="1.0" encoding="UTF-8"?>
<!-- Generated by org.testng.reporters.JUnitReportReporter -->
<testsuite hostname="DESKTOP-NFUTGEN" failures="0" tests="1" name="frameworkpart.test.Aser" time="12.987" errors="0" timestamp="2024-03-30T17:15:01 IST" skipped="0">
  <testcase classname="frameworkpart.test.Aser" name="fort" time="12.987"/>
</testsuite> <!-- frameworkpart.test.Aser -->
