<?xml version="1.0" encoding="UTF-8"?>
<!-- Generated by org.testng.reporters.JUnitReportReporter -->
<testsuite hostname="DESKTOP-NFUTGEN" failures="0" tests="1" name="frameworkpart.test.Practest" time="6.893" errors="0" timestamp="2024-09-01T19:26:41 IST" skipped="0">
  <testcase classname="frameworkpart.test.Practest" name="goat" time="6.893"/>
</testsuite> <!-- frameworkpart.test.Practest -->
