<?xml version="1.0" encoding="UTF-8"?>
<!-- Generated by org.testng.reporters.JUnitReportReporter -->
<testsuite hostname="DESKTOP-NFUTGEN" failures="0" tests="2" name="frameworkpart.test.EndtoEndtestwirthhashmap" time="29.943" errors="0" timestamp="2024-05-27T18:03:04 IST" skipped="0">
  <testcase classname="frameworkpart.test.EndtoEndtestwirthhashmap" name="enedtoendtest" time="13.538"/>
  <testcase classname="frameworkpart.test.EndtoEndtestwirthhashmap" name="enedtoendtest" time="16.405"/>
</testsuite> <!-- frameworkpart.test.EndtoEndtestwirthhashmap -->
