<?xml version="1.0" encoding="UTF-8"?>
<!-- Generated by org.testng.reporters.JUnitReportReporter -->
<testsuite hostname="DESKTOP-NFUTGEN" failures="0" tests="2" name="frameworkpart.test.Errorvalidation" time="13.788" errors="0" timestamp="2024-08-31T11:29:44 IST" skipped="0">
  <testcase classname="frameworkpart.test.Errorvalidation" name="producterrorvalidation" time="8.030"/>
  <testcase classname="frameworkpart.test.Errorvalidation" name="loginerrorvalidation" time="5.758"/>
</testsuite> <!-- frameworkpart.test.Errorvalidation -->
