<?xml version="1.0" encoding="UTF-8"?>
<!-- Generated by org.testng.reporters.JUnitReportReporter -->
<testsuite hostname="DESKTOP-NFUTGEN" failures="0" tests="1" name="testa.One" time="5.881" errors="0" timestamp="2024-08-29T19:35:28 IST" skipped="0">
  <testcase classname="testa.One" name="opening" time="5.881"/>
</testsuite> <!-- testa.One -->
