<?xml version="1.0" encoding="UTF-8"?>
<!-- Generated by org.testng.reporters.JUnitReportReporter -->
<testsuite hostname="DESKTOP-NFUTGEN" failures="0" tests="3" name="frameworkpart.test.EndtoEndtest" time="19.283" errors="0" timestamp="2024-08-31T11:34:00 IST" skipped="0">
  <testcase classname="frameworkpart.test.EndtoEndtest" name="enedtoendtest" time="7.291"/>
  <testcase classname="frameworkpart.test.EndtoEndtest" name="verifyorderdisplay" time="4.823"/>
  <testcase classname="frameworkpart.test.EndtoEndtest" name="enedtoendtest" time="7.169"/>
</testsuite> <!-- frameworkpart.test.EndtoEndtest -->
