<?xml version="1.0" encoding="UTF-8"?>
<!-- Generated by org.testng.reporters.JUnitReportReporter -->
<testsuite hostname="DESKTOP-NFUTGEN" failures="0" tests="2" name="frameworkpart.test.Errorvalidation" time="12.754" errors="0" timestamp="2024-08-31T11:34:00 IST" skipped="0">
  <testcase classname="frameworkpart.test.Errorvalidation" name="producterrorvalidation" time="8.051"/>
  <testcase classname="frameworkpart.test.Errorvalidation" name="loginerrorvalidation" time="4.703"/>
</testsuite> <!-- frameworkpart.test.Errorvalidation -->
