<?xml version="1.0" encoding="UTF-8"?>
<!-- Generated by org.testng.reporters.JUnitReportReporter -->
<testsuite hostname="DESKTOP-NFUTGEN" failures="0" tests="2" name="frameworkpart.test.Errorvalidation" time="13.495" errors="0" timestamp="2024-08-31T11:24:17 IST" skipped="0">
  <testcase classname="frameworkpart.test.Errorvalidation" name="loginerrorvalidation" time="6.407"/>
  <testcase classname="frameworkpart.test.Errorvalidation" name="producterrorvalidation" time="7.088"/>
</testsuite> <!-- frameworkpart.test.Errorvalidation -->
